d:\d盘桌面\bms\bms\bms\generatedfiles\ui_bms.h
d:\d盘桌面\bms\bms\bms\generatedfiles\ui_findpassword.h
d:\d盘桌面\bms\bms\bms\generatedfiles\ui_mginterface.h
d:\d盘桌面\bms\bms\bms\generatedfiles\ui_myloanitem.h
d:\d盘桌面\bms\bms\bms\generatedfiles\ui_register.h
d:\d盘桌面\bms\bms\bms\generatedfiles\ui_tipwindow.h
d:\d盘桌面\bms\bms\bms\generatedfiles\ui_userinterface.h
d:\d盘桌面\bms\bms\bms\generatedfiles\ui_winmyinfo.h
d:\d盘桌面\bms\bms\bms\generatedfiles\qrc_bms.cpp
d:\d盘桌面\bms\bms\bms\generatedfiles\debug\moc_myloanitem.cpp
d:\d盘桌面\bms\bms\bms\generatedfiles\debug\moc_winmyinfo.cpp
d:\d盘桌面\bms\bms\bms\generatedfiles\debug\moc_bookitemdrawer.cpp
d:\d盘桌面\bms\bms\bms\generatedfiles\debug\moc_tipwindow.cpp
d:\d盘桌面\bms\bms\bms\generatedfiles\debug\moc_mginterface.cpp
d:\d盘桌面\bms\bms\bms\generatedfiles\debug\moc_bms.cpp
d:\d盘桌面\bms\bms\bms\generatedfiles\debug\moc_userinterface.cpp
d:\d盘桌面\bms\bms\bms\generatedfiles\debug\moc_headpor.cpp
d:\d盘桌面\bms\bms\bms\generatedfiles\debug\moc_register.cpp
d:\d盘桌面\bms\bms\bms\generatedfiles\debug\moc_findpassword.cpp
d:\d盘桌面\bms\bms\bms\x64\debug\filemanage.obj
d:\d盘桌面\bms\bms\bms\x64\debug\register.obj
d:\d盘桌面\bms\bms\bms\x64\debug\moc_tipwindow.obj
d:\d盘桌面\bms\bms\bms\x64\debug\moc_findpassword.obj
d:\d盘桌面\bms\bms\bms\x64\debug\headpor.obj
d:\d盘桌面\bms\bms\bms\x64\debug\people.obj
d:\d盘桌面\bms\bms\bms\x64\debug\moc_winmyinfo.obj
d:\d盘桌面\bms\bms\bms\x64\debug\bookitemdrawer.obj
d:\d盘桌面\bms\bms\bms\x64\debug\tipwindow.obj
d:\d盘桌面\bms\bms\bms\x64\debug\moc_bookitemdrawer.obj
d:\d盘桌面\bms\bms\bms\x64\debug\mginterface.obj
d:\d盘桌面\bms\bms\bms\x64\debug\userinterface.obj
d:\d盘桌面\bms\bms\bms\x64\debug\moc_bms.obj
d:\d盘桌面\bms\bms\bms\x64\debug\findpassword.obj
d:\d盘桌面\bms\bms\bms\x64\debug\mytimedeal.obj
d:\d盘桌面\bms\bms\bms\x64\debug\user.obj
d:\d盘桌面\bms\bms\bms\x64\debug\moc_mginterface.obj
d:\d盘桌面\bms\bms\bms\x64\debug\afcd_win32.obj
d:\d盘桌面\bms\bms\bms\x64\debug\myloanitem.obj
d:\d盘桌面\bms\bms\bms\x64\debug\moc_myloanitem.obj
d:\d盘桌面\bms\bms\bms\x64\debug\moc_headpor.obj
d:\d盘桌面\bms\bms\bms\x64\debug\bms.obj
d:\d盘桌面\bms\bms\bms\x64\debug\qrc_bms.obj
d:\d盘桌面\bms\bms\bms\x64\debug\moc_register.obj
d:\d盘桌面\bms\bms\bms\x64\debug\main.obj
d:\d盘桌面\bms\bms\bms\x64\debug\winmyinfo.obj
d:\d盘桌面\bms\bms\bms\x64\debug\moc_userinterface.obj
d:\d盘桌面\bms\bms\bms\.\generatedfiles\debug\moc_myloanitem.cpp
d:\d盘桌面\bms\bms\bms\.\generatedfiles\debug\moc_winmyinfo.cpp
d:\d盘桌面\bms\bms\bms\.\generatedfiles\debug\moc_bookitemdrawer.cpp
d:\d盘桌面\bms\bms\bms\.\generatedfiles\debug\moc_tipwindow.cpp
d:\d盘桌面\bms\bms\bms\.\generatedfiles\debug\moc_bms.cpp
d:\d盘桌面\bms\bms\bms\.\generatedfiles\debug\moc_userinterface.cpp
d:\d盘桌面\bms\bms\bms\.\generatedfiles\debug\moc_headpor.cpp
d:\d盘桌面\bms\bms\bms\.\generatedfiles\debug\moc_register.cpp
d:\d盘桌面\bms\bms\bms\.\generatedfiles\debug\moc_findpassword.cpp
d:\d盘桌面\bms\bms\bms\.\generatedfiles\debug\moc_mginterface.cpp
d:\d盘桌面\bms\bms\bms\.\generatedfiles\qrc_bms.cpp
d:\d盘桌面\bms\bms\bms\.\generatedfiles\ui_bms.h
d:\d盘桌面\bms\bms\bms\.\generatedfiles\ui_findpassword.h
d:\d盘桌面\bms\bms\bms\.\generatedfiles\ui_mginterface.h
d:\d盘桌面\bms\bms\bms\.\generatedfiles\ui_myloanitem.h
d:\d盘桌面\bms\bms\bms\.\generatedfiles\ui_register.h
d:\d盘桌面\bms\bms\bms\.\generatedfiles\ui_tipwindow.h
d:\d盘桌面\bms\bms\bms\.\generatedfiles\ui_userinterface.h
d:\d盘桌面\bms\bms\bms\.\generatedfiles\ui_winmyinfo.h
d:\d盘桌面\bms\bms\bms\x64\debug\vc141.pdb
d:\d盘桌面\bms\bms\bms\x64\debug\bms.tlog\bms.write.1u.tlog
d:\d盘桌面\bms\bms\bms\x64\debug\bms.tlog\cl.10116.write.1.tlog
d:\d盘桌面\bms\bms\bms\x64\debug\bms.tlog\cl.command.1.tlog
d:\d盘桌面\bms\bms\bms\x64\debug\bms.tlog\cl.read.1.tlog
d:\d盘桌面\bms\bms\bms\x64\debug\bms.tlog\moc.read.1u.tlog
d:\d盘桌面\bms\bms\bms\x64\debug\bms.tlog\moc.write.1u.tlog
d:\d盘桌面\bms\bms\bms\x64\debug\bms.tlog\rcc.read.1u.tlog
d:\d盘桌面\bms\bms\bms\x64\debug\bms.tlog\rcc.write.1u.tlog
d:\d盘桌面\bms\bms\bms\x64\debug\bms.tlog\uic.read.1u.tlog
d:\d盘桌面\bms\bms\bms\x64\debug\bms.tlog\uic.write.1u.tlog
